<?xml version="1.0" encoding="utf-8"?>
<shfbBuild product="Sandcastle Help File Builder" version="2014.12.20.0" projectFile="C:\Users\nlopes\Documents\GitHub\monopolio\documentation.shfbproj" started="08-01-2015 21:55:42">
<buildStep step="Initializing">
Finding tools...
The Sandcastle tools are located in &#39;C:\Program Files (x86)\EWSoftware\Sandcastle Help File Builder\&#39;
Searching for HTML Help 1 compiler...
Found HTML Help 1 compiler in &#39;C:\Program Files (x86)\HTML Help Workshop\&#39;
Locating components in the following folder(s):
   C:\Users\nlopes\Documents\GitHub\monopolio
Using presentation style &#39;VS2013&#39; located in &#39;C:\Program Files (x86)\EWSoftware\Sandcastle Help File Builder\PresentationStyles\VS2013&#39;
Loading and initializing plug-ins...
Lightweight Website Style Version 2014.12.20.0
Copyright &#169; 2006-2014, Eric Woodruff, All Rights Reserved
Portions Copyright &#169; 2014, Sam Harwell, All Rights Reserved
</buildStep>
<buildStep step="ValidatingDocumentationSources">
Validating and copying documentation source information
Source: C:\Users\nlopes\Documents\GitHub\monopolio\Monopolio\bin\x86\Debug\Monopolio.exe
    Found assembly &#39;C:\Users\nlopes\Documents\GitHub\monopolio\Monopolio\bin\x86\Debug\Monopolio.exe&#39;
Source: C:\Users\nlopes\Documents\GitHub\monopolio\Monopolio\bin\x86\Debug\Monopolio.XML

Copying XML comments files
    C:\Users\nlopes\Documents\GitHub\monopolio\Monopolio\bin\x86\Debug\Monopolio.XML -&gt; C:\Users\nlopes\Documents\GitHub\monopolio\Help\Working\Monopolio.XML
</buildStep>
<buildStep step="GenerateSharedContent">
Generating shared content files (en-US, English (United States))...
<plugIn name="Lightweight Website Style" behavior="After" priority="1000">
</plugIn>    Last step completed in 00:00:00,0080
</buildStep>
<buildStep step="GenerateApiFilter">
Generating API filter for MRefBuilder...
    Last step completed in 00:00:00,0030
</buildStep>
<buildStep step="GenerateReflectionInfo">
Generating reflection information...
[C:\windows\Microsoft.NET\Framework64\v4.0.30319\MSBuild.exe]
Build started 08-01-2015 21:55:42.
Project &quot;C:\Users\nlopes\Documents\GitHub\monopolio\Help\Working\GenerateRefInfo.proj&quot; on node 1 (default targets).
PrepareForBuild:
  Creating directory &quot;obj\Debug\&quot;.
GenerateRefInfo:
  MRefBuilder (v2014.11.22.0)
  Copyright &#184; 2006-2014, Microsoft Corporation, All Rights Reserved.
  Portions Copyright &#184; 2006-2014, Eric Woodruff, All Rights Reserved.
  Loaded 1 assemblies for reflection and 1 dependency assemblies.
  Wrote information on 1 namespaces, 28 types, and 204 members
  Copying file from &quot;reflection.org&quot; to &quot;reflection.all&quot;.
  XslTransform (v2014.11.22.0)
  Copyright &#184; 2006-2014, Microsoft Corporation, All Rights Reserved.
  Portions Copyright &#184; 2006-2014, Eric Woodruff, All Rights Reserved.
  Applying XSL transformation &#39;C:\Program Files (x86)\EWSoftware\Sandcastle Help File Builder\ProductionTransforms\MergeDuplicates.xsl&#39;.
Done Building Project &quot;C:\Users\nlopes\Documents\GitHub\monopolio\Help\Working\GenerateRefInfo.proj&quot; (default targets).

Build succeeded.

Time Elapsed 00:00:02.75
    Last step completed in 00:00:02,8462
</buildStep>
<buildStep step="TransformReflectionInfo">
Transforming reflection output...
[C:\windows\Microsoft.NET\Framework64\v4.0.30319\MSBuild.exe]
Build started 08-01-2015 21:55:45.
Project &quot;C:\Users\nlopes\Documents\GitHub\monopolio\Help\Working\TransformManifest.proj&quot; on node 1 (default targets).
TransformManifest:
  XslTransform (v2014.11.22.0)
  Copyright &#184; 2006-2014, Microsoft Corporation, All Rights Reserved.
  Portions Copyright &#184; 2006-2014, Eric Woodruff, All Rights Reserved.
  Applying XSL transformation &#39;C:\Program Files (x86)\EWSoftware\Sandcastle Help File Builder\\ProductionTransforms\ApplyVSDocModel.xsl&#39;.
  Copying file from &quot;reflection.xml&quot; to &quot;reflection.nofilenames&quot;.
  XslTransform (v2014.11.22.0)
  Copyright &#184; 2006-2014, Microsoft Corporation, All Rights Reserved.
  Portions Copyright &#184; 2006-2014, Eric Woodruff, All Rights Reserved.
  Applying XSL transformation &#39;C:\Program Files (x86)\EWSoftware\Sandcastle Help File Builder\ProductionTransforms\AddFilenames.xsl&#39;.
  XslTransform (v2014.11.22.0)
  Copyright &#184; 2006-2014, Microsoft Corporation, All Rights Reserved.
  Portions Copyright &#184; 2006-2014, Eric Woodruff, All Rights Reserved.
  Applying XSL transformation &#39;C:\Program Files (x86)\EWSoftware\Sandcastle Help File Builder\ProductionTransforms\ReflectionToManifest.xsl&#39;.
Done Building Project &quot;C:\Users\nlopes\Documents\GitHub\monopolio\Help\Working\TransformManifest.proj&quot; (default targets).

Build succeeded.

Time Elapsed 00:00:00.90
    Last step completed in 00:00:00,9891
</buildStep>
<buildStep step="GenerateNamespaceSummaries">
Generating namespace summary information...
    Last step completed in 00:00:00,0320
</buildStep>
<buildStep step="CopyAdditionalContent">
Copying additional content files...
No additional content to copy
    Last step completed in 00:00:00,0050
</buildStep>
<buildStep step="MergeTablesOfContents">
Merging conceptual and additional tables of contents...
    Last step completed in 00:00:00,0040
</buildStep>
<buildStep step="GenerateIntermediateTableOfContents">
Generating intermediate table of contents file...
[C:\windows\Microsoft.NET\Framework64\v4.0.30319\MSBuild.exe]
Build started 08-01-2015 21:55:46.
Project &quot;C:\Users\nlopes\Documents\GitHub\monopolio\Help\Working\GenerateIntermediateTOC.proj&quot; on node 1 (default targets).
GenerateIntermediateTOC:
  XslTransform (v2014.11.22.0)
  Copyright &#184; 2006-2014, Microsoft Corporation, All Rights Reserved.
  Portions Copyright &#184; 2006-2014, Eric Woodruff, All Rights Reserved.
  Applying XSL transformation &#39;C:\Program Files (x86)\EWSoftware\Sandcastle Help File Builder\\ProductionTransforms\CreateVSToc.xsl&#39;.
Done Building Project &quot;C:\Users\nlopes\Documents\GitHub\monopolio\Help\Working\GenerateIntermediateTOC.proj&quot; (default targets).

Build succeeded.

Time Elapsed 00:00:00.23
Generating conceptual content intermediate TOC file...
    Last step completed in 00:00:00,3100
</buildStep>
<buildStep step="CreateBuildAssemblerConfigs">
Creating Sandcastle configuration files...
    sandcastle.config
    Last step completed in 00:00:00,2100
</buildStep>
<buildStep step="MergeCustomConfigs">
Merging custom build component configurations
C:\Users\nlopes\Documents\GitHub\monopolio\Help\Working\sandcastle.config
    Last step completed in 00:00:00,0380
</buildStep>
<buildStep step="BuildReferenceTopics">
Building reference help topics...
[C:\windows\Microsoft.NET\Framework64\v4.0.30319\MSBuild.exe]
Build started 08-01-2015 21:55:47.
Project &quot;C:\Users\nlopes\Documents\GitHub\monopolio\Help\Working\BuildReferenceTopics.proj&quot; on node 1 (default targets).
BuildReferenceTopics:
  BuildAssembler (v2014.11.22.0)
  Copyright &#184; 2006-2014, Microsoft Corporation, All Rights Reserved.
  Portions Copyright &#184; 2006-2014, Eric Woodruff, All Rights Reserved.
  Loading configuration...
  Processing topics...
BuildAssembler : warning : ShowMissingComponent: [N:Monopolio] Missing &lt;summary&gt; documentation [C:\Users\nlopes\Documents\GitHub\monopolio\Help\Working\BuildReferenceTopics.proj]
BuildAssembler : warning : ShowMissingComponent: [M:Monopolio.Camera.rotateTo(System.Single)] Missing &lt;param name=&quot;rotacao&quot;/&gt; documentation [C:\Users\nlopes\Documents\GitHub\monopolio\Help\Working\BuildReferenceTopics.proj]
BuildAssembler : warning : ShowMissingComponent: [M:Monopolio.CommunityAndChance.#ctor(Monopolio.TipoOpcao,System.String,System.Action{System.String})] Missing &lt;param name=&quot;texto&quot;/&gt; documentation [C:\Users\nlopes\Documents\GitHub\monopolio\Help\Working\BuildReferenceTopics.proj]
BuildAssembler : warning : ShowMissingComponent: [M:Monopolio.CommunityAndChance.#ctor(Monopolio.TipoOpcao,System.String,System.Action{System.String})] Missing &lt;param name=&quot;accao&quot;/&gt; documentation [C:\Users\nlopes\Documents\GitHub\monopolio\Help\Working\BuildReferenceTopics.proj]
BuildAssembler : warning : ShowMissingComponent: [M:Monopolio.Jogador.#ctor(System.String,System.Int32,System.Collections.Generic.List{Monopolio.MoneyAnimation}@)] Missing &lt;param name=&quot;nome&quot;/&gt; documentation [C:\Users\nlopes\Documents\GitHub\monopolio\Help\Working\BuildReferenceTopics.proj]
BuildAssembler : warning : ShowMissingComponent: [M:Monopolio.Jogador.#ctor(System.String,System.Int32,System.Collections.Generic.List{Monopolio.MoneyAnimation}@)] Missing &lt;param name=&quot;nJogador&quot;/&gt; documentation [C:\Users\nlopes\Documents\GitHub\monopolio\Help\Working\BuildReferenceTopics.proj]
BuildAssembler : warning : ShowMissingComponent: [M:Monopolio.Jogador.#ctor(System.String,System.Int32,System.Collections.Generic.List{Monopolio.MoneyAnimation}@)] Missing &lt;param name=&quot;listaMoneyanimations&quot;/&gt; documentation [C:\Users\nlopes\Documents\GitHub\monopolio\Help\Working\BuildReferenceTopics.proj]
BuildAssembler : warning : ShowMissingComponent: [M:Monopolio.Jogador.Draw(Microsoft.Xna.Framework.Graphics.SpriteBatch,Microsoft.Xna.Framework.Graphics.GraphicsDevice,Monopolio.Jogador)] Missing &lt;param name=&quot;spriteBatch&quot;/&gt; documentation [C:\Users\nlopes\Documents\GitHub\monopolio\Help\Working\BuildReferenceTopics.proj]
BuildAssembler : warning : ShowMissingComponent: [M:Monopolio.Jogador.Draw(Microsoft.Xna.Framework.Graphics.SpriteBatch,Microsoft.Xna.Framework.Graphics.GraphicsDevice,Monopolio.Jogador)] Missing &lt;param name=&quot;graphics&quot;/&gt; documentation [C:\Users\nlopes\Documents\GitHub\monopolio\Help\Working\BuildReferenceTopics.proj]
BuildAssembler : warning : ShowMissingComponent: [M:Monopolio.Jogador.Draw(Microsoft.Xna.Framework.Graphics.SpriteBatch,Microsoft.Xna.Framework.Graphics.GraphicsDevice,Monopolio.Jogador)] Missing &lt;param name=&quot;jogadorAtual&quot;/&gt; documentation [C:\Users\nlopes\Documents\GitHub\monopolio\Help\Working\BuildReferenceTopics.proj]
BuildAssembler : warning : ShowMissingComponent: [M:Monopolio.Jogador.nEletricasEAguas] Missing &lt;returns&gt; documentation [C:\Users\nlopes\Documents\GitHub\monopolio\Help\Working\BuildReferenceTopics.proj]
BuildAssembler : warning : ShowMissingComponent: [M:Monopolio.Jogador.nEstacoes] Missing &lt;returns&gt; documentation [C:\Users\nlopes\Documents\GitHub\monopolio\Help\Working\BuildReferenceTopics.proj]
BuildAssembler : warning : ShowMissingComponent: [M:Monopolio.ParallaxLayer.Draw(Microsoft.Xna.Framework.Graphics.SpriteBatch)] Missing &lt;param name=&quot;spriteBatch&quot;/&gt; documentation [C:\Users\nlopes\Documents\GitHub\monopolio\Help\Working\BuildReferenceTopics.proj]
BuildAssembler : warning : ShowMissingComponent: [M:Monopolio.Tabuleiro.centroCasa(System.Int32,Microsoft.Xna.Framework.Graphics.Texture2D)] Missing &lt;returns&gt; documentation [C:\Users\nlopes\Documents\GitHub\monopolio\Help\Working\BuildReferenceTopics.proj]
BuildAssembler : warning : ShowMissingComponent: [M:Monopolio.Tabuleiro.Draw(Microsoft.Xna.Framework.Graphics.SpriteBatch,Monopolio.Camera,Microsoft.Xna.Framework.Graphics.GraphicsDevice)] Missing &lt;param name=&quot;spriteBatch&quot;/&gt; documentation [C:\Users\nlopes\Documents\GitHub\monopolio\Help\Working\BuildReferenceTopics.proj]
BuildAssembler : warning : ShowMissingComponent: [M:Monopolio.Tabuleiro.Draw(Microsoft.Xna.Framework.Graphics.SpriteBatch,Monopolio.Camera,Microsoft.Xna.Framework.Graphics.GraphicsDevice)] Missing &lt;param name=&quot;camera&quot;/&gt; documentation [C:\Users\nlopes\Documents\GitHub\monopolio\Help\Working\BuildReferenceTopics.proj]
BuildAssembler : warning : ShowMissingComponent: [M:Monopolio.Tabuleiro.Draw(Microsoft.Xna.Framework.Graphics.SpriteBatch,Monopolio.Camera,Microsoft.Xna.Framework.Graphics.GraphicsDevice)] Missing &lt;param name=&quot;graphics&quot;/&gt; documentation [C:\Users\nlopes\Documents\GitHub\monopolio\Help\Working\BuildReferenceTopics.proj]
BuildAssembler : warning : ShowMissingComponent: [M:Monopolio.Tabuleiro.LoadContent(Microsoft.Xna.Framework.Content.ContentManager,Microsoft.Xna.Framework.Graphics.GraphicsDevice)] Missing &lt;param name=&quot;Content&quot;/&gt; documentation [C:\Users\nlopes\Documents\GitHub\monopolio\Help\Working\BuildReferenceTopics.proj]
BuildAssembler : warning : ShowMissingComponent: [M:Monopolio.Tabuleiro.LoadContent(Microsoft.Xna.Framework.Content.ContentManager,Microsoft.Xna.Framework.Graphics.GraphicsDevice)] Missing &lt;param name=&quot;graphics&quot;/&gt; documentation [C:\Users\nlopes\Documents\GitHub\monopolio\Help\Working\BuildReferenceTopics.proj]
BuildAssembler : warning : ShowMissingComponent: [M:Monopolio.Tabuleiro.nCasasDiferenca(System.Int32,System.Int32)] Missing &lt;returns&gt; documentation [C:\Users\nlopes\Documents\GitHub\monopolio\Help\Working\BuildReferenceTopics.proj]
BuildAssembler : warning : ShowMissingComponent: [M:Monopolio.Tabuleiro.nearestUtility(System.Int32,System.Boolean)] Missing &lt;returns&gt; documentation [C:\Users\nlopes\Documents\GitHub\monopolio\Help\Working\BuildReferenceTopics.proj]
BuildAssembler : warning : ShowMissingComponent: [M:Monopolio.Tabuleiro.ruaComMenosCasas(System.Int32)] Missing &lt;returns&gt; documentation [C:\Users\nlopes\Documents\GitHub\monopolio\Help\Working\BuildReferenceTopics.proj]
BuildAssembler : warning : ShowMissingComponent: [M:Monopolio.Tabuleiro.verificarAvenida(Monopolio.Jogador,Monopolio.GrupoRuas)] Missing &lt;returns&gt; documentation [C:\Users\nlopes\Documents\GitHub\monopolio\Help\Working\BuildReferenceTopics.proj]
BuildAssembler : warning : ShowMissingComponent: [M:Monopolio.Tabuleiro.verificarAvenida(Monopolio.Jogador,Monopolio.GrupoRuas)] Missing &lt;param name=&quot;jogador&quot;/&gt; documentation [C:\Users\nlopes\Documents\GitHub\monopolio\Help\Working\BuildReferenceTopics.proj]
BuildAssembler : warning : ShowMissingComponent: [M:Monopolio.Tabuleiro.verificarAvenida(Monopolio.Jogador,Monopolio.GrupoRuas)] Missing &lt;param name=&quot;grupoRuas&quot;/&gt; documentation [C:\Users\nlopes\Documents\GitHub\monopolio\Help\Working\BuildReferenceTopics.proj]
BuildAssembler : warning : ShowMissingComponent: [M:Monopolio.Tabuleiro.verificarRotacaoEPartida(Monopolio.Camera,System.Int32,System.Int32,Monopolio.Jogador)] Missing &lt;returns&gt; documentation [C:\Users\nlopes\Documents\GitHub\monopolio\Help\Working\BuildReferenceTopics.proj]
BuildAssembler : warning : ShowMissingComponent: [M:Monopolio.UI.getBotao(Monopolio.TipoOpcao,System.Boolean,System.Boolean)] Missing &lt;returns&gt; documentation [C:\Users\nlopes\Documents\GitHub\monopolio\Help\Working\BuildReferenceTopics.proj]
BuildAssembler : warning : ShowMissingComponent: [M:Monopolio.UI.LoadContent(Microsoft.Xna.Framework.Content.ContentManager,Microsoft.Xna.Framework.Graphics.GraphicsDevice)] Missing &lt;param name=&quot;Content&quot;/&gt; documentation [C:\Users\nlopes\Documents\GitHub\monopolio\Help\Working\BuildReferenceTopics.proj]
BuildAssembler : warning : ShowMissingComponent: [M:Monopolio.UI.LoadContent(Microsoft.Xna.Framework.Content.ContentManager,Microsoft.Xna.Framework.Graphics.GraphicsDevice)] Missing &lt;param name=&quot;graphics&quot;/&gt; documentation [C:\Users\nlopes\Documents\GitHub\monopolio\Help\Working\BuildReferenceTopics.proj]
BuildAssembler : warning : ShowMissingComponent: [M:Monopolio.UI.Update(System.Random)] Missing &lt;returns&gt; documentation [C:\Users\nlopes\Documents\GitHub\monopolio\Help\Working\BuildReferenceTopics.proj]
  Processed 275 topic(s)
  30 warning(s)
  CopyFromIndexComponent: &quot;reflection&quot; in-memory cache entries used: 5 of 15.
  CopyFromIndexComponent: &quot;comments&quot; in-memory cache entries used: 3 of 30.
Done Building Project &quot;C:\Users\nlopes\Documents\GitHub\monopolio\Help\Working\BuildReferenceTopics.proj&quot; (default targets).

Build succeeded.

Time Elapsed 00:00:18.00
    Last step completed in 00:00:18,1120
</buildStep>
<buildStep step="CombiningIntermediateTocFiles">
Combining conceptual and API intermediate TOC files...
    Last step completed in 00:00:00,0060
</buildStep>
<buildStep step="ExtractingHtmlInfo">
Extracting HTML info for HTML Help 1 and/or website...
[C:\windows\Microsoft.NET\Framework64\v4.0.30319\MSBuild.exe]
Sandcastle Help File Builder, version 2014.12.20.0
Copyright &#184; 2006-2014, Eric Woodruff, All Rights Reserved
E-Mail: Eric@EWoodruff.us

Using LCID &#39;1033&#39;, code page &#39;65001&#39;, encoding charset &#39;UTF-8&#39;.

Processing Help 1 files in C:\Users\nlopes\Documents\GitHub\monopolio\Help\Working\Output\HtmlHelp1
Processed 275 HTML files
Sorting keywords and generating See Also indices
Saving HTML Help 1 keyword index to C:\Users\nlopes\Documents\GitHub\monopolio\Help\Working\Documentation.hhk
Saving HTML Help 1 table of contents to C:\Users\nlopes\Documents\GitHub\monopolio\Help\Working\Documentation.hhc
    Last step completed in 00:00:01,2111
</buildStep>
<buildStep step="CopyStandardHelpContent">
Copying standard help content...
C:\Program Files (x86)\EWSoftware\Sandcastle Help File Builder\PresentationStyles\VS2013\icons\AlertCaution.png -&gt; C:\Users\nlopes\Documents\GitHub\monopolio\Help\Working\Output\HtmlHelp1\icons\AlertCaution.png
C:\Program Files (x86)\EWSoftware\Sandcastle Help File Builder\PresentationStyles\VS2013\icons\AlertNote.png -&gt; C:\Users\nlopes\Documents\GitHub\monopolio\Help\Working\Output\HtmlHelp1\icons\AlertNote.png
C:\Program Files (x86)\EWSoftware\Sandcastle Help File Builder\PresentationStyles\VS2013\icons\AlertSecurity.png -&gt; C:\Users\nlopes\Documents\GitHub\monopolio\Help\Working\Output\HtmlHelp1\icons\AlertSecurity.png
C:\Program Files (x86)\EWSoftware\Sandcastle Help File Builder\PresentationStyles\VS2013\icons\CFW.gif -&gt; C:\Users\nlopes\Documents\GitHub\monopolio\Help\Working\Output\HtmlHelp1\icons\CFW.gif
C:\Program Files (x86)\EWSoftware\Sandcastle Help File Builder\PresentationStyles\VS2013\icons\CodeExample.png -&gt; C:\Users\nlopes\Documents\GitHub\monopolio\Help\Working\Output\HtmlHelp1\icons\CodeExample.png
C:\Program Files (x86)\EWSoftware\Sandcastle Help File Builder\PresentationStyles\VS2013\icons\favicon.ico -&gt; C:\Users\nlopes\Documents\GitHub\monopolio\Help\Working\Output\HtmlHelp1\icons\favicon.ico
C:\Program Files (x86)\EWSoftware\Sandcastle Help File Builder\PresentationStyles\VS2013\icons\privclass.gif -&gt; C:\Users\nlopes\Documents\GitHub\monopolio\Help\Working\Output\HtmlHelp1\icons\privclass.gif
C:\Program Files (x86)\EWSoftware\Sandcastle Help File Builder\PresentationStyles\VS2013\icons\privdelegate.gif -&gt; C:\Users\nlopes\Documents\GitHub\monopolio\Help\Working\Output\HtmlHelp1\icons\privdelegate.gif
C:\Program Files (x86)\EWSoftware\Sandcastle Help File Builder\PresentationStyles\VS2013\icons\privenumeration.gif -&gt; C:\Users\nlopes\Documents\GitHub\monopolio\Help\Working\Output\HtmlHelp1\icons\privenumeration.gif
C:\Program Files (x86)\EWSoftware\Sandcastle Help File Builder\PresentationStyles\VS2013\icons\privevent.gif -&gt; C:\Users\nlopes\Documents\GitHub\monopolio\Help\Working\Output\HtmlHelp1\icons\privevent.gif
C:\Program Files (x86)\EWSoftware\Sandcastle Help File Builder\PresentationStyles\VS2013\icons\privextension.gif -&gt; C:\Users\nlopes\Documents\GitHub\monopolio\Help\Working\Output\HtmlHelp1\icons\privextension.gif
C:\Program Files (x86)\EWSoftware\Sandcastle Help File Builder\PresentationStyles\VS2013\icons\privfield.gif -&gt; C:\Users\nlopes\Documents\GitHub\monopolio\Help\Working\Output\HtmlHelp1\icons\privfield.gif
C:\Program Files (x86)\EWSoftware\Sandcastle Help File Builder\PresentationStyles\VS2013\icons\privinterface.gif -&gt; C:\Users\nlopes\Documents\GitHub\monopolio\Help\Working\Output\HtmlHelp1\icons\privinterface.gif
C:\Program Files (x86)\EWSoftware\Sandcastle Help File Builder\PresentationStyles\VS2013\icons\privmethod.gif -&gt; C:\Users\nlopes\Documents\GitHub\monopolio\Help\Working\Output\HtmlHelp1\icons\privmethod.gif
C:\Program Files (x86)\EWSoftware\Sandcastle Help File Builder\PresentationStyles\VS2013\icons\privproperty.gif -&gt; C:\Users\nlopes\Documents\GitHub\monopolio\Help\Working\Output\HtmlHelp1\icons\privproperty.gif
C:\Program Files (x86)\EWSoftware\Sandcastle Help File Builder\PresentationStyles\VS2013\icons\privstructure.gif -&gt; C:\Users\nlopes\Documents\GitHub\monopolio\Help\Working\Output\HtmlHelp1\icons\privstructure.gif
C:\Program Files (x86)\EWSoftware\Sandcastle Help File Builder\PresentationStyles\VS2013\icons\protclass.gif -&gt; C:\Users\nlopes\Documents\GitHub\monopolio\Help\Working\Output\HtmlHelp1\icons\protclass.gif
C:\Program Files (x86)\EWSoftware\Sandcastle Help File Builder\PresentationStyles\VS2013\icons\protdelegate.gif -&gt; C:\Users\nlopes\Documents\GitHub\monopolio\Help\Working\Output\HtmlHelp1\icons\protdelegate.gif
C:\Program Files (x86)\EWSoftware\Sandcastle Help File Builder\PresentationStyles\VS2013\icons\protenumeration.gif -&gt; C:\Users\nlopes\Documents\GitHub\monopolio\Help\Working\Output\HtmlHelp1\icons\protenumeration.gif
C:\Program Files (x86)\EWSoftware\Sandcastle Help File Builder\PresentationStyles\VS2013\icons\protevent.gif -&gt; C:\Users\nlopes\Documents\GitHub\monopolio\Help\Working\Output\HtmlHelp1\icons\protevent.gif
C:\Program Files (x86)\EWSoftware\Sandcastle Help File Builder\PresentationStyles\VS2013\icons\protextension.gif -&gt; C:\Users\nlopes\Documents\GitHub\monopolio\Help\Working\Output\HtmlHelp1\icons\protextension.gif
C:\Program Files (x86)\EWSoftware\Sandcastle Help File Builder\PresentationStyles\VS2013\icons\protfield.gif -&gt; C:\Users\nlopes\Documents\GitHub\monopolio\Help\Working\Output\HtmlHelp1\icons\protfield.gif
C:\Program Files (x86)\EWSoftware\Sandcastle Help File Builder\PresentationStyles\VS2013\icons\protinterface.gif -&gt; C:\Users\nlopes\Documents\GitHub\monopolio\Help\Working\Output\HtmlHelp1\icons\protinterface.gif
C:\Program Files (x86)\EWSoftware\Sandcastle Help File Builder\PresentationStyles\VS2013\icons\protmethod.gif -&gt; C:\Users\nlopes\Documents\GitHub\monopolio\Help\Working\Output\HtmlHelp1\icons\protmethod.gif
C:\Program Files (x86)\EWSoftware\Sandcastle Help File Builder\PresentationStyles\VS2013\icons\protoperator.gif -&gt; C:\Users\nlopes\Documents\GitHub\monopolio\Help\Working\Output\HtmlHelp1\icons\protoperator.gif
C:\Program Files (x86)\EWSoftware\Sandcastle Help File Builder\PresentationStyles\VS2013\icons\protproperty.gif -&gt; C:\Users\nlopes\Documents\GitHub\monopolio\Help\Working\Output\HtmlHelp1\icons\protproperty.gif
C:\Program Files (x86)\EWSoftware\Sandcastle Help File Builder\PresentationStyles\VS2013\icons\protstructure.gif -&gt; C:\Users\nlopes\Documents\GitHub\monopolio\Help\Working\Output\HtmlHelp1\icons\protstructure.gif
C:\Program Files (x86)\EWSoftware\Sandcastle Help File Builder\PresentationStyles\VS2013\icons\pubclass.gif -&gt; C:\Users\nlopes\Documents\GitHub\monopolio\Help\Working\Output\HtmlHelp1\icons\pubclass.gif
C:\Program Files (x86)\EWSoftware\Sandcastle Help File Builder\PresentationStyles\VS2013\icons\pubdelegate.gif -&gt; C:\Users\nlopes\Documents\GitHub\monopolio\Help\Working\Output\HtmlHelp1\icons\pubdelegate.gif
C:\Program Files (x86)\EWSoftware\Sandcastle Help File Builder\PresentationStyles\VS2013\icons\pubenumeration.gif -&gt; C:\Users\nlopes\Documents\GitHub\monopolio\Help\Working\Output\HtmlHelp1\icons\pubenumeration.gif
C:\Program Files (x86)\EWSoftware\Sandcastle Help File Builder\PresentationStyles\VS2013\icons\pubevent.gif -&gt; C:\Users\nlopes\Documents\GitHub\monopolio\Help\Working\Output\HtmlHelp1\icons\pubevent.gif
C:\Program Files (x86)\EWSoftware\Sandcastle Help File Builder\PresentationStyles\VS2013\icons\pubextension.gif -&gt; C:\Users\nlopes\Documents\GitHub\monopolio\Help\Working\Output\HtmlHelp1\icons\pubextension.gif
C:\Program Files (x86)\EWSoftware\Sandcastle Help File Builder\PresentationStyles\VS2013\icons\pubfield.gif -&gt; C:\Users\nlopes\Documents\GitHub\monopolio\Help\Working\Output\HtmlHelp1\icons\pubfield.gif
C:\Program Files (x86)\EWSoftware\Sandcastle Help File Builder\PresentationStyles\VS2013\icons\pubinterface.gif -&gt; C:\Users\nlopes\Documents\GitHub\monopolio\Help\Working\Output\HtmlHelp1\icons\pubinterface.gif
C:\Program Files (x86)\EWSoftware\Sandcastle Help File Builder\PresentationStyles\VS2013\icons\pubmethod.gif -&gt; C:\Users\nlopes\Documents\GitHub\monopolio\Help\Working\Output\HtmlHelp1\icons\pubmethod.gif
C:\Program Files (x86)\EWSoftware\Sandcastle Help File Builder\PresentationStyles\VS2013\icons\puboperator.gif -&gt; C:\Users\nlopes\Documents\GitHub\monopolio\Help\Working\Output\HtmlHelp1\icons\puboperator.gif
C:\Program Files (x86)\EWSoftware\Sandcastle Help File Builder\PresentationStyles\VS2013\icons\pubproperty.gif -&gt; C:\Users\nlopes\Documents\GitHub\monopolio\Help\Working\Output\HtmlHelp1\icons\pubproperty.gif
C:\Program Files (x86)\EWSoftware\Sandcastle Help File Builder\PresentationStyles\VS2013\icons\pubstructure.gif -&gt; C:\Users\nlopes\Documents\GitHub\monopolio\Help\Working\Output\HtmlHelp1\icons\pubstructure.gif
C:\Program Files (x86)\EWSoftware\Sandcastle Help File Builder\PresentationStyles\VS2013\icons\SectionCollapsed.png -&gt; C:\Users\nlopes\Documents\GitHub\monopolio\Help\Working\Output\HtmlHelp1\icons\SectionCollapsed.png
C:\Program Files (x86)\EWSoftware\Sandcastle Help File Builder\PresentationStyles\VS2013\icons\SectionExpanded.png -&gt; C:\Users\nlopes\Documents\GitHub\monopolio\Help\Working\Output\HtmlHelp1\icons\SectionExpanded.png
C:\Program Files (x86)\EWSoftware\Sandcastle Help File Builder\PresentationStyles\VS2013\icons\slMobile.gif -&gt; C:\Users\nlopes\Documents\GitHub\monopolio\Help\Working\Output\HtmlHelp1\icons\slMobile.gif
C:\Program Files (x86)\EWSoftware\Sandcastle Help File Builder\PresentationStyles\VS2013\icons\static.gif -&gt; C:\Users\nlopes\Documents\GitHub\monopolio\Help\Working\Output\HtmlHelp1\icons\static.gif
C:\Program Files (x86)\EWSoftware\Sandcastle Help File Builder\PresentationStyles\VS2013\icons\xna.gif -&gt; C:\Users\nlopes\Documents\GitHub\monopolio\Help\Working\Output\HtmlHelp1\icons\xna.gif
C:\Program Files (x86)\EWSoftware\Sandcastle Help File Builder\PresentationStyles\VS2013\scripts\branding.js -&gt; C:\Users\nlopes\Documents\GitHub\monopolio\Help\Working\Output\HtmlHelp1\scripts\branding.js
C:\Program Files (x86)\EWSoftware\Sandcastle Help File Builder\PresentationStyles\VS2013\styles\branding-cs-CZ.css -&gt; C:\Users\nlopes\Documents\GitHub\monopolio\Help\Working\Output\HtmlHelp1\styles\branding-cs-CZ.css
C:\Program Files (x86)\EWSoftware\Sandcastle Help File Builder\PresentationStyles\VS2013\styles\branding-de-DE.css -&gt; C:\Users\nlopes\Documents\GitHub\monopolio\Help\Working\Output\HtmlHelp1\styles\branding-de-DE.css
C:\Program Files (x86)\EWSoftware\Sandcastle Help File Builder\PresentationStyles\VS2013\styles\branding-en-US.css -&gt; C:\Users\nlopes\Documents\GitHub\monopolio\Help\Working\Output\HtmlHelp1\styles\branding-en-US.css
C:\Program Files (x86)\EWSoftware\Sandcastle Help File Builder\PresentationStyles\VS2013\styles\branding-es-ES.css -&gt; C:\Users\nlopes\Documents\GitHub\monopolio\Help\Working\Output\HtmlHelp1\styles\branding-es-ES.css
C:\Program Files (x86)\EWSoftware\Sandcastle Help File Builder\PresentationStyles\VS2013\styles\branding-fr-FR.css -&gt; C:\Users\nlopes\Documents\GitHub\monopolio\Help\Working\Output\HtmlHelp1\styles\branding-fr-FR.css
C:\Program Files (x86)\EWSoftware\Sandcastle Help File Builder\PresentationStyles\VS2013\styles\branding-Help1.css -&gt; C:\Users\nlopes\Documents\GitHub\monopolio\Help\Working\Output\HtmlHelp1\styles\branding-Help1.css
C:\Program Files (x86)\EWSoftware\Sandcastle Help File Builder\PresentationStyles\VS2013\styles\branding-Help2.css -&gt; C:\Users\nlopes\Documents\GitHub\monopolio\Help\Working\Output\HtmlHelp1\styles\branding-Help2.css
C:\Program Files (x86)\EWSoftware\Sandcastle Help File Builder\PresentationStyles\VS2013\styles\branding-HelpViewer.css -&gt; C:\Users\nlopes\Documents\GitHub\monopolio\Help\Working\Output\HtmlHelp1\styles\branding-HelpViewer.css
C:\Program Files (x86)\EWSoftware\Sandcastle Help File Builder\PresentationStyles\VS2013\styles\branding-it-IT.css -&gt; C:\Users\nlopes\Documents\GitHub\monopolio\Help\Working\Output\HtmlHelp1\styles\branding-it-IT.css
C:\Program Files (x86)\EWSoftware\Sandcastle Help File Builder\PresentationStyles\VS2013\styles\branding-ja-JP.css -&gt; C:\Users\nlopes\Documents\GitHub\monopolio\Help\Working\Output\HtmlHelp1\styles\branding-ja-JP.css
C:\Program Files (x86)\EWSoftware\Sandcastle Help File Builder\PresentationStyles\VS2013\styles\branding-ko-KR.css -&gt; C:\Users\nlopes\Documents\GitHub\monopolio\Help\Working\Output\HtmlHelp1\styles\branding-ko-KR.css
C:\Program Files (x86)\EWSoftware\Sandcastle Help File Builder\PresentationStyles\VS2013\styles\branding-pl-PL.css -&gt; C:\Users\nlopes\Documents\GitHub\monopolio\Help\Working\Output\HtmlHelp1\styles\branding-pl-PL.css
C:\Program Files (x86)\EWSoftware\Sandcastle Help File Builder\PresentationStyles\VS2013\styles\branding-pt-BR.css -&gt; C:\Users\nlopes\Documents\GitHub\monopolio\Help\Working\Output\HtmlHelp1\styles\branding-pt-BR.css
C:\Program Files (x86)\EWSoftware\Sandcastle Help File Builder\PresentationStyles\VS2013\styles\branding-ru-RU.css -&gt; C:\Users\nlopes\Documents\GitHub\monopolio\Help\Working\Output\HtmlHelp1\styles\branding-ru-RU.css
C:\Program Files (x86)\EWSoftware\Sandcastle Help File Builder\PresentationStyles\VS2013\styles\branding-tr-TR.css -&gt; C:\Users\nlopes\Documents\GitHub\monopolio\Help\Working\Output\HtmlHelp1\styles\branding-tr-TR.css
C:\Program Files (x86)\EWSoftware\Sandcastle Help File Builder\PresentationStyles\VS2013\styles\branding-Website.css -&gt; C:\Users\nlopes\Documents\GitHub\monopolio\Help\Working\Output\HtmlHelp1\styles\branding-Website.css
C:\Program Files (x86)\EWSoftware\Sandcastle Help File Builder\PresentationStyles\VS2013\styles\branding-zh-CN.css -&gt; C:\Users\nlopes\Documents\GitHub\monopolio\Help\Working\Output\HtmlHelp1\styles\branding-zh-CN.css
C:\Program Files (x86)\EWSoftware\Sandcastle Help File Builder\PresentationStyles\VS2013\styles\branding-zh-TW.css -&gt; C:\Users\nlopes\Documents\GitHub\monopolio\Help\Working\Output\HtmlHelp1\styles\branding-zh-TW.css
C:\Program Files (x86)\EWSoftware\Sandcastle Help File Builder\PresentationStyles\VS2013\styles\branding.css -&gt; C:\Users\nlopes\Documents\GitHub\monopolio\Help\Working\Output\HtmlHelp1\styles\branding.css
    Last step completed in 00:00:00,3340
</buildStep>
<buildStep step="GenerateHelpFormatTableOfContents">
Generating HTML Help 1 table of contents file...
    Last step completed in 00:00:00,0030
</buildStep>
<buildStep step="GenerateHelpFileIndex">
Generating HTML Help 1 index file...
    Last step completed in 00:00:00,0030
</buildStep>
<buildStep step="GenerateHelpProject">
Generating HTML Help 1 project file...
    Last step completed in 00:00:00,0090
</buildStep>
<buildStep step="CompilingHelpFile">
Compiling HTML Help 1 file...
[C:\windows\Microsoft.NET\Framework64\v4.0.30319\MSBuild.exe]
  Microsoft HTML Help Compiler 4.74.8702
  
  
  
  Compiling c:\Users\nlopes\Documents\GitHub\monopolio\Help\Working\Output\HtmlHelp1\Documentation.chm
  
  
  
  
  
  Compile time: 0 minutes, 2 seconds
  
  277	Topics
  
  3,260	Local links
  
  1,062	Internet links
  
  0	Graphics
  
  
  
  
  
  Created c:\Users\nlopes\Documents\GitHub\monopolio\Help\Working\Output\HtmlHelp1\Documentation.chm, 363,515 bytes
  
  Compression decreased file by 1,946,043 bytes.
  
    Last step completed in 00:00:02,5481
</buildStep>
<buildStep step="CleanIntermediates">
Removing intermediate files...
    Last step completed in 00:00:00,2950
</buildStep>
<buildStep step="Completed">

Build completed successfully at 08-01-2015 21:56:09.  Total time: 00:00:27,5596

</buildStep>
</shfbBuild>
